{"uuid":"063f6b35-5119-4a09-8f32-d79d9653fdca","historyId":"f3d31f583830291b42a0fc82b9326552","fullName":"tests.Ordering.Checkout.VerifyAddingNewShippingAddress.verifyAddingNewShippingAddress","labels":[{"name":"package","value":"tests.Ordering.Checkout.VerifyAddingNewShippingAddress"},{"name":"testClass","value":"tests.Ordering.Checkout.VerifyAddingNewShippingAddress"},{"name":"testMethod","value":"verifyAddingNewShippingAddress"},{"name":"parentSuite","value":"Smoke Tests"},{"name":"suite","value":"Sign In / Sign Out"},{"name":"subSuite","value":"tests.Ordering.Checkout.VerifyAddingNewShippingAddress"},{"name":"host","value":"LWO1-LDL-A11632"},{"name":"thread","value":"53636@LWO1-LDL-A11632.main(1)"},{"name":"framework","value":"testng"},{"name":"language","value":"java"}],"links":[],"name":"verifyAddingNewShippingAddress","status":"failed","statusDetails":{"known":false,"muted":false,"flaky":false,"message":"Element not found {By.xpath: //span[@data-feature-id='delete']//input:last}\r\nExpected: visible\r\nScreenshot: file:/C:/Users/andrii.teterka/IdeaProjects/IDPProjectUI/build/reports/tests/1684504937118.0.png\r\nPage source: file:/C:/Users/andrii.teterka/IdeaProjects/IDPProjectUI/build/reports/tests/1684504937118.0.html\r\nTimeout: 6 s.\r\nCaused by: java.lang.IndexOutOfBoundsException: Index -1 out of bounds for length 0","trace":"Element not found {By.xpath: //span[@data-feature-id='delete']//input:last}\r\nExpected: visible\r\nScreenshot: file:/C:/Users/andrii.teterka/IdeaProjects/IDPProjectUI/build/reports/tests/1684504937118.0.png\r\nPage source: file:/C:/Users/andrii.teterka/IdeaProjects/IDPProjectUI/build/reports/tests/1684504937118.0.html\r\nTimeout: 6 s.\r\nCaused by: java.lang.IndexOutOfBoundsException: Index -1 out of bounds for length 0\r\n\tat com.codeborne.selenide.impl.LastCollectionElement.createElementNotFoundError(LastCollectionElement.java:61)\r\n\tat com.codeborne.selenide.impl.WebElementSource.handleError(WebElementSource.java:140)\r\n\tat com.codeborne.selenide.impl.WebElementSource.checkConditionAndReturnElement(WebElementSource.java:124)\r\n\tat com.codeborne.selenide.impl.WebElementSource.checkCondition(WebElementSource.java:101)\r\n\tat com.codeborne.selenide.commands.Should.execute(Should.java:30)\r\n\tat com.codeborne.selenide.commands.Should.execute(Should.java:14)\r\n\tat com.codeborne.selenide.commands.Commands.execute(Commands.java:160)\r\n\tat com.codeborne.selenide.impl.SelenideElementProxy.dispatchAndRetry(SelenideElementProxy.java:132)\r\n\tat com.codeborne.selenide.impl.SelenideElementProxy.invoke(SelenideElementProxy.java:84)\r\n\tat jdk.proxy2/jdk.proxy2.$Proxy9.shouldBe(Unknown Source)\r\n\tat Pages.CartPage.removeAllItemsFromCart(CartPage.java:78)\r\n\tat tests.Ordering.Checkout.VerifyAddingNewShippingAddress.verifyAddingNewShippingAddress(VerifyAddingNewShippingAddress.java:39)\r\n\tat java.base/jdk.internal.reflect.DirectMethodHandleAccessor.invoke(DirectMethodHandleAccessor.java:104)\r\n\tat java.base/java.lang.reflect.Method.invoke(Method.java:578)\r\n\tat org.testng.internal.invokers.MethodInvocationHelper.invokeMethod(MethodInvocationHelper.java:139)\r\n\tat org.testng.internal.invokers.TestInvoker.invokeMethod(TestInvoker.java:677)\r\n\tat org.testng.internal.invokers.TestInvoker.invokeTestMethod(TestInvoker.java:221)\r\n\tat org.testng.internal.invokers.MethodRunner.runInSequence(MethodRunner.java:50)\r\n\tat org.testng.internal.invokers.TestInvoker$MethodInvocationAgent.invoke(TestInvoker.java:969)\r\n\tat org.testng.internal.invokers.TestInvoker.invokeTestMethods(TestInvoker.java:194)\r\n\tat org.testng.internal.invokers.TestMethodWorker.invokeTestMethods(TestMethodWorker.java:148)\r\n\tat org.testng.internal.invokers.TestMethodWorker.run(TestMethodWorker.java:128)\r\n\tat java.base/java.util.ArrayList.forEach(ArrayList.java:1511)\r\n\tat org.testng.TestRunner.privateRun(TestRunner.java:829)\r\n\tat org.testng.TestRunner.run(TestRunner.java:602)\r\n\tat org.testng.SuiteRunner.runTest(SuiteRunner.java:437)\r\n\tat org.testng.SuiteRunner.runSequentially(SuiteRunner.java:431)\r\n\tat org.testng.SuiteRunner.privateRun(SuiteRunner.java:391)\r\n\tat org.testng.SuiteRunner.run(SuiteRunner.java:330)\r\n\tat org.testng.SuiteRunnerWorker.runSuite(SuiteRunnerWorker.java:52)\r\n\tat org.testng.SuiteRunnerWorker.run(SuiteRunnerWorker.java:95)\r\n\tat org.testng.TestNG.runSuitesSequentially(TestNG.java:1256)\r\n\tat org.testng.TestNG.runSuitesLocally(TestNG.java:1176)\r\n\tat org.testng.TestNG.runSuites(TestNG.java:1099)\r\n\tat org.testng.TestNG.run(TestNG.java:1067)\r\n\tat com.intellij.rt.testng.IDEARemoteTestNG.run(IDEARemoteTestNG.java:66)\r\n\tat com.intellij.rt.testng.RemoteTestNGStarter.main(RemoteTestNGStarter.java:109)\r\nCaused by: java.lang.IndexOutOfBoundsException: Index -1 out of bounds for length 0\r\n\tat java.base/jdk.internal.util.Preconditions.outOfBounds(Preconditions.java:100)\r\n\tat java.base/jdk.internal.util.Preconditions.outOfBoundsCheckIndex(Preconditions.java:106)\r\n\tat java.base/jdk.internal.util.Preconditions.checkIndex(Preconditions.java:302)\r\n\tat java.base/java.util.Objects.checkIndex(Objects.java:385)\r\n\tat java.base/java.util.ArrayList.get(ArrayList.java:427)\r\n\tat com.codeborne.selenide.impl.LastCollectionElement.lastElementOf(LastCollectionElement.java:46)\r\n\tat com.codeborne.selenide.impl.LastCollectionElement.getWebElement(LastCollectionElement.java:42)\r\n\tat com.codeborne.selenide.impl.WebElementSource.checkConditionAndReturnElement(WebElementSource.java:113)\r\n\t... 34 more\r\n"},"stage":"finished","description":"Verify adding a new shipping address","steps":[{"name":"Click on Account List link","status":"passed","stage":"finished","steps":[],"attachments":[],"parameters":[],"start":1684504921340,"stop":1684504922408},{"name":"Sign in existing user","status":"passed","stage":"finished","steps":[{"name":"Enter user email","status":"passed","stage":"finished","steps":[],"attachments":[],"parameters":[{"name":"email","value":"amazonmail131313@gmail.com"}],"start":1684504922412,"stop":1684504922622},{"name":"Click on Continue button","status":"passed","stage":"finished","steps":[],"attachments":[],"parameters":[],"start":1684504922622,"stop":1684504923614},{"name":"Enter user password","status":"passed","stage":"finished","steps":[],"attachments":[],"parameters":[{"name":"password","value":"test1234!!!!"}],"start":1684504923615,"stop":1684504923726},{"name":"Click on Sign In button","status":"passed","stage":"finished","steps":[],"attachments":[],"parameters":[],"start":1684504923727,"stop":1684504923828}],"attachments":[],"parameters":[{"name":"email","value":"amazonmail131313@gmail.com"},{"name":"password","value":"test1234!!!!"}],"start":1684504922412,"stop":1684504923828},{"name":"Click on Cart button","status":"passed","stage":"finished","steps":[],"attachments":[],"parameters":[],"start":1684504923829,"stop":1684504928809},{"name":"Remove all items from cart","status":"failed","statusDetails":{"known":false,"muted":false,"flaky":false,"message":"Element not found {By.xpath: //span[@data-feature-id='delete']//input:last}\r\nExpected: visible\r\nScreenshot: file:/C:/Users/andrii.teterka/IdeaProjects/IDPProjectUI/build/reports/tests/1684504937118.0.png\r\nPage source: file:/C:/Users/andrii.teterka/IdeaProjects/IDPProjectUI/build/reports/tests/1684504937118.0.html\r\nTimeout: 6 s.\r\nCaused by: java.lang.IndexOutOfBoundsException: Index -1 out of bounds for length 0","trace":"Element not found {By.xpath: //span[@data-feature-id='delete']//input:last}\r\nExpected: visible\r\nScreenshot: file:/C:/Users/andrii.teterka/IdeaProjects/IDPProjectUI/build/reports/tests/1684504937118.0.png\r\nPage source: file:/C:/Users/andrii.teterka/IdeaProjects/IDPProjectUI/build/reports/tests/1684504937118.0.html\r\nTimeout: 6 s.\r\nCaused by: java.lang.IndexOutOfBoundsException: Index -1 out of bounds for length 0\r\n\tat com.codeborne.selenide.impl.LastCollectionElement.createElementNotFoundError(LastCollectionElement.java:61)\r\n\tat com.codeborne.selenide.impl.WebElementSource.handleError(WebElementSource.java:140)\r\n\tat com.codeborne.selenide.impl.WebElementSource.checkConditionAndReturnElement(WebElementSource.java:124)\r\n\tat com.codeborne.selenide.impl.WebElementSource.checkCondition(WebElementSource.java:101)\r\n\tat com.codeborne.selenide.commands.Should.execute(Should.java:30)\r\n\tat com.codeborne.selenide.commands.Should.execute(Should.java:14)\r\n\tat com.codeborne.selenide.commands.Commands.execute(Commands.java:160)\r\n\tat com.codeborne.selenide.impl.SelenideElementProxy.dispatchAndRetry(SelenideElementProxy.java:132)\r\n\tat com.codeborne.selenide.impl.SelenideElementProxy.invoke(SelenideElementProxy.java:84)\r\n\tat jdk.proxy2/jdk.proxy2.$Proxy9.shouldBe(Unknown Source)\r\n\tat Pages.CartPage.removeAllItemsFromCart(CartPage.java:78)\r\n\tat tests.Ordering.Checkout.VerifyAddingNewShippingAddress.verifyAddingNewShippingAddress(VerifyAddingNewShippingAddress.java:39)\r\n\tat java.base/jdk.internal.reflect.DirectMethodHandleAccessor.invoke(DirectMethodHandleAccessor.java:104)\r\n\tat java.base/java.lang.reflect.Method.invoke(Method.java:578)\r\n\tat org.testng.internal.invokers.MethodInvocationHelper.invokeMethod(MethodInvocationHelper.java:139)\r\n\tat org.testng.internal.invokers.TestInvoker.invokeMethod(TestInvoker.java:677)\r\n\tat org.testng.internal.invokers.TestInvoker.invokeTestMethod(TestInvoker.java:221)\r\n\tat org.testng.internal.invokers.MethodRunner.runInSequence(MethodRunner.java:50)\r\n\tat org.testng.internal.invokers.TestInvoker$MethodInvocationAgent.invoke(TestInvoker.java:969)\r\n\tat org.testng.internal.invokers.TestInvoker.invokeTestMethods(TestInvoker.java:194)\r\n\tat org.testng.internal.invokers.TestMethodWorker.invokeTestMethods(TestMethodWorker.java:148)\r\n\tat org.testng.internal.invokers.TestMethodWorker.run(TestMethodWorker.java:128)\r\n\tat java.base/java.util.ArrayList.forEach(ArrayList.java:1511)\r\n\tat org.testng.TestRunner.privateRun(TestRunner.java:829)\r\n\tat org.testng.TestRunner.run(TestRunner.java:602)\r\n\tat org.testng.SuiteRunner.runTest(SuiteRunner.java:437)\r\n\tat org.testng.SuiteRunner.runSequentially(SuiteRunner.java:431)\r\n\tat org.testng.SuiteRunner.privateRun(SuiteRunner.java:391)\r\n\tat org.testng.SuiteRunner.run(SuiteRunner.java:330)\r\n\tat org.testng.SuiteRunnerWorker.runSuite(SuiteRunnerWorker.java:52)\r\n\tat org.testng.SuiteRunnerWorker.run(SuiteRunnerWorker.java:95)\r\n\tat org.testng.TestNG.runSuitesSequentially(TestNG.java:1256)\r\n\tat org.testng.TestNG.runSuitesLocally(TestNG.java:1176)\r\n\tat org.testng.TestNG.runSuites(TestNG.java:1099)\r\n\tat org.testng.TestNG.run(TestNG.java:1067)\r\n\tat com.intellij.rt.testng.IDEARemoteTestNG.run(IDEARemoteTestNG.java:66)\r\n\tat com.intellij.rt.testng.RemoteTestNGStarter.main(RemoteTestNGStarter.java:109)\r\nCaused by: java.lang.IndexOutOfBoundsException: Index -1 out of bounds for length 0\r\n\tat java.base/jdk.internal.util.Preconditions.outOfBounds(Preconditions.java:100)\r\n\tat java.base/jdk.internal.util.Preconditions.outOfBoundsCheckIndex(Preconditions.java:106)\r\n\tat java.base/jdk.internal.util.Preconditions.checkIndex(Preconditions.java:302)\r\n\tat java.base/java.util.Objects.checkIndex(Objects.java:385)\r\n\tat java.base/java.util.ArrayList.get(ArrayList.java:427)\r\n\tat com.codeborne.selenide.impl.LastCollectionElement.lastElementOf(LastCollectionElement.java:46)\r\n\tat com.codeborne.selenide.impl.LastCollectionElement.getWebElement(LastCollectionElement.java:42)\r\n\tat com.codeborne.selenide.impl.WebElementSource.checkConditionAndReturnElement(WebElementSource.java:113)\r\n\t... 34 more\r\n"},"stage":"finished","steps":[],"attachments":[],"parameters":[],"start":1684504928809,"stop":1684504937335}],"attachments":[],"parameters":[],"start":1684504921253,"stop":1684504937337}