{"uuid":"36b271f2-0c11-49a6-a51e-08986ce01646","historyId":"cacbbb2d23e65d30b9640139ce97b1e5","fullName":"tests.Ordering.Home_Page.VerifyProductAppearsInPickupWhereYouLeftSection.verifyProductAppearsInPickupWhereYouLeftSection","labels":[{"name":"package","value":"tests.Ordering.Home_Page.VerifyProductAppearsInPickupWhereYouLeftSection"},{"name":"testClass","value":"tests.Ordering.Home_Page.VerifyProductAppearsInPickupWhereYouLeftSection"},{"name":"testMethod","value":"verifyProductAppearsInPickupWhereYouLeftSection"},{"name":"parentSuite","value":"Smoke Tests"},{"name":"suite","value":"Sign In / Sign Out"},{"name":"subSuite","value":"tests.Ordering.Home_Page.VerifyProductAppearsInPickupWhereYouLeftSection"},{"name":"host","value":"LWO1-LDL-A11632"},{"name":"thread","value":"69560@LWO1-LDL-A11632.main(1)"},{"name":"framework","value":"testng"},{"name":"language","value":"java"}],"links":[],"name":"verifyProductAppearsInPickupWhereYouLeftSection","status":"broken","statusDetails":{"known":false,"muted":false,"flaky":false,"message":"invalid selector: The result of the xpath expression \"//div[@id='desktop-grid-1']//a//span[contains(@class, 'full')]/text()\" is: [object Text]. It should be an element.\n  (Session info: chrome=113.0.5672.126)\nFor documentation on this error, please visit: https://selenium.dev/exceptions/#invalid_selector_exception\nBuild info: version: '4.8.3', revision: 'e5e76298c3'\nSystem info: os.name: 'Windows 10', os.arch: 'amd64', os.version: '10.0', java.version: '19.0.2'\nDriver info: org.openqa.selenium.chrome.ChromeDriver\nCommand: [557620b72333cab55ef991176e7505a6, findElements {using=xpath, value=//div[@id='desktop-grid-1']//a//span[contains(@class, 'full')]/text()}]\nCapabilities {acceptInsecureCerts: true, browserName: chrome, browserVersion: 113.0.5672.126, chrome: {chromedriverVersion: 113.0.5672.63 (0e1a4471d5ae..., userDataDir: C:\\Program Files (x86)\\scop...}, goog:chromeOptions: {debuggerAddress: localhost:51000}, networkConnectionEnabled: false, pageLoadStrategy: normal, platformName: WINDOWS, proxy: Proxy(), se:cdp: ws://localhost:51000/devtoo..., se:cdpVersion: 113.0.5672.126, setWindowRect: true, strictFileInteractability: false, timeouts: {implicit: 0, pageLoad: 300000, script: 30000}, unhandledPromptBehavior: accept, webauthn:extension:credBlob: true, webauthn:extension:largeBlob: true, webauthn:extension:minPinLength: true, webauthn:extension:prf: true, webauthn:virtualAuthenticators: true}\nSession ID: 557620b72333cab55ef991176e7505a6","trace":"org.openqa.selenium.InvalidSelectorException: invalid selector: The result of the xpath expression \"//div[@id='desktop-grid-1']//a//span[contains(@class, 'full')]/text()\" is: [object Text]. It should be an element.\n  (Session info: chrome=113.0.5672.126)\nFor documentation on this error, please visit: https://selenium.dev/exceptions/#invalid_selector_exception\nBuild info: version: '4.8.3', revision: 'e5e76298c3'\nSystem info: os.name: 'Windows 10', os.arch: 'amd64', os.version: '10.0', java.version: '19.0.2'\nDriver info: org.openqa.selenium.chrome.ChromeDriver\nCommand: [557620b72333cab55ef991176e7505a6, findElements {using=xpath, value=//div[@id='desktop-grid-1']//a//span[contains(@class, 'full')]/text()}]\nCapabilities {acceptInsecureCerts: true, browserName: chrome, browserVersion: 113.0.5672.126, chrome: {chromedriverVersion: 113.0.5672.63 (0e1a4471d5ae..., userDataDir: C:\\Program Files (x86)\\scop...}, goog:chromeOptions: {debuggerAddress: localhost:51000}, networkConnectionEnabled: false, pageLoadStrategy: normal, platformName: WINDOWS, proxy: Proxy(), se:cdp: ws://localhost:51000/devtoo..., se:cdpVersion: 113.0.5672.126, setWindowRect: true, strictFileInteractability: false, timeouts: {implicit: 0, pageLoad: 300000, script: 30000}, unhandledPromptBehavior: accept, webauthn:extension:credBlob: true, webauthn:extension:largeBlob: true, webauthn:extension:minPinLength: true, webauthn:extension:prf: true, webauthn:virtualAuthenticators: true}\nSession ID: 557620b72333cab55ef991176e7505a6\r\n\tat java.base/jdk.internal.reflect.DirectConstructorHandleAccessor.newInstance(DirectConstructorHandleAccessor.java:67)\r\n\tat java.base/java.lang.reflect.Constructor.newInstanceWithCaller(Constructor.java:500)\r\n\tat java.base/java.lang.reflect.Constructor.newInstance(Constructor.java:484)\r\n\tat org.openqa.selenium.remote.codec.w3c.W3CHttpResponseCodec.createException(W3CHttpResponseCodec.java:200)\r\n\tat org.openqa.selenium.remote.codec.w3c.W3CHttpResponseCodec.decode(W3CHttpResponseCodec.java:133)\r\n\tat org.openqa.selenium.remote.codec.w3c.W3CHttpResponseCodec.decode(W3CHttpResponseCodec.java:53)\r\n\tat org.openqa.selenium.remote.HttpCommandExecutor.execute(HttpCommandExecutor.java:193)\r\n\tat org.openqa.selenium.remote.service.DriverCommandExecutor.invokeExecute(DriverCommandExecutor.java:183)\r\n\tat org.openqa.selenium.remote.service.DriverCommandExecutor.execute(DriverCommandExecutor.java:158)\r\n\tat org.openqa.selenium.remote.RemoteWebDriver.execute(RemoteWebDriver.java:543)\r\n\tat org.openqa.selenium.remote.ElementLocation$ElementFinder$2.findElements(ElementLocation.java:179)\r\n\tat org.openqa.selenium.remote.ElementLocation.findElements(ElementLocation.java:102)\r\n\tat org.openqa.selenium.remote.RemoteWebDriver.findElements(RemoteWebDriver.java:367)\r\n\tat org.openqa.selenium.remote.RemoteWebDriver.findElements(RemoteWebDriver.java:359)\r\n\tat com.codeborne.selenide.impl.WebElementSelector.findElements(WebElementSelector.java:76)\r\n\tat com.codeborne.selenide.impl.WebElementSelector.findElements(WebElementSelector.java:61)\r\n\tat com.codeborne.selenide.impl.BySelectorCollection.getElements(BySelectorCollection.java:40)\r\n\tat com.codeborne.selenide.impl.CollectionSnapshot.<init>(CollectionSnapshot.java:23)\r\n\tat com.codeborne.selenide.ElementsCollection.lambda$asFixedIterable$1(ElementsCollection.java:602)\r\n\tat com.codeborne.selenide.ElementsCollection.iterator(ElementsCollection.java:536)\r\n\tat Pages.HomePage.pickupWhereYouLeftItemsGetTitles(HomePage.java:21)\r\n\tat tests.Ordering.Home_Page.VerifyProductAppearsInPickupWhereYouLeftSection.verifyProductAppearsInPickupWhereYouLeftSection(VerifyProductAppearsInPickupWhereYouLeftSection.java:26)\r\n\tat java.base/jdk.internal.reflect.DirectMethodHandleAccessor.invoke(DirectMethodHandleAccessor.java:104)\r\n\tat java.base/java.lang.reflect.Method.invoke(Method.java:578)\r\n\tat org.testng.internal.invokers.MethodInvocationHelper.invokeMethod(MethodInvocationHelper.java:139)\r\n\tat org.testng.internal.invokers.TestInvoker.invokeMethod(TestInvoker.java:677)\r\n\tat org.testng.internal.invokers.TestInvoker.invokeTestMethod(TestInvoker.java:221)\r\n\tat org.testng.internal.invokers.MethodRunner.runInSequence(MethodRunner.java:50)\r\n\tat org.testng.internal.invokers.TestInvoker$MethodInvocationAgent.invoke(TestInvoker.java:969)\r\n\tat org.testng.internal.invokers.TestInvoker.invokeTestMethods(TestInvoker.java:194)\r\n\tat org.testng.internal.invokers.TestMethodWorker.invokeTestMethods(TestMethodWorker.java:148)\r\n\tat org.testng.internal.invokers.TestMethodWorker.run(TestMethodWorker.java:128)\r\n\tat java.base/java.util.ArrayList.forEach(ArrayList.java:1511)\r\n\tat org.testng.TestRunner.privateRun(TestRunner.java:829)\r\n\tat org.testng.TestRunner.run(TestRunner.java:602)\r\n\tat org.testng.SuiteRunner.runTest(SuiteRunner.java:437)\r\n\tat org.testng.SuiteRunner.runSequentially(SuiteRunner.java:431)\r\n\tat org.testng.SuiteRunner.privateRun(SuiteRunner.java:391)\r\n\tat org.testng.SuiteRunner.run(SuiteRunner.java:330)\r\n\tat org.testng.SuiteRunnerWorker.runSuite(SuiteRunnerWorker.java:52)\r\n\tat org.testng.SuiteRunnerWorker.run(SuiteRunnerWorker.java:95)\r\n\tat org.testng.TestNG.runSuitesSequentially(TestNG.java:1256)\r\n\tat org.testng.TestNG.runSuitesLocally(TestNG.java:1176)\r\n\tat org.testng.TestNG.runSuites(TestNG.java:1099)\r\n\tat org.testng.TestNG.run(TestNG.java:1067)\r\n\tat com.intellij.rt.testng.IDEARemoteTestNG.run(IDEARemoteTestNG.java:66)\r\n\tat com.intellij.rt.testng.RemoteTestNGStarter.main(RemoteTestNGStarter.java:109)\r\n"},"stage":"finished","description":"Verify product appears in pick up where you left section","steps":[{"name":"Click on Account List link","status":"passed","stage":"finished","steps":[],"attachments":[],"parameters":[],"start":1684774418334,"stop":1684774419309},{"name":"Sign in existing user","status":"passed","stage":"finished","steps":[{"name":"Enter user email","status":"passed","stage":"finished","steps":[],"attachments":[],"parameters":[{"name":"email","value":"amazonmail131313@gmail.com"}],"start":1684774419313,"stop":1684774419513},{"name":"Click on Continue button","status":"passed","stage":"finished","steps":[],"attachments":[],"parameters":[],"start":1684774419513,"stop":1684774420339},{"name":"Enter user password","status":"passed","stage":"finished","steps":[],"attachments":[],"parameters":[{"name":"password","value":"test1234!!!!"}],"start":1684774420339,"stop":1684774420451},{"name":"Click on Sign In button","status":"passed","stage":"finished","steps":[],"attachments":[],"parameters":[],"start":1684774420451,"stop":1684774420557}],"attachments":[],"parameters":[{"name":"email","value":"amazonmail131313@gmail.com"},{"name":"password","value":"test1234!!!!"}],"start":1684774419312,"stop":1684774420557},{"name":"Search for item","status":"passed","stage":"finished","steps":[],"attachments":[],"parameters":[{"name":"searchItem","value":"GTUOXIES TV"}],"start":1684774420557,"stop":1684774426905},{"name":"Get text of search result item with price by order","status":"passed","stage":"finished","steps":[],"attachments":[],"parameters":[{"name":"order","value":"7"}],"start":1684774426907,"stop":1684774429369},{"name":"Select search result item with price by order","status":"passed","stage":"finished","steps":[],"attachments":[],"parameters":[{"name":"order","value":"7"}],"start":1684774429370,"stop":1684774435627},{"name":"Click on Home Page logo","status":"passed","stage":"finished","steps":[],"attachments":[],"parameters":[],"start":1684774435628,"stop":1684774437988},{"name":"Pickup where you left items get titles","status":"broken","statusDetails":{"known":false,"muted":false,"flaky":false,"message":"invalid selector: The result of the xpath expression \"//div[@id='desktop-grid-1']//a//span[contains(@class, 'full')]/text()\" is: [object Text]. It should be an element.\n  (Session info: chrome=113.0.5672.126)\nFor documentation on this error, please visit: https://selenium.dev/exceptions/#invalid_selector_exception\nBuild info: version: '4.8.3', revision: 'e5e76298c3'\nSystem info: os.name: 'Windows 10', os.arch: 'amd64', os.version: '10.0', java.version: '19.0.2'\nDriver info: org.openqa.selenium.chrome.ChromeDriver\nCommand: [557620b72333cab55ef991176e7505a6, findElements {using=xpath, value=//div[@id='desktop-grid-1']//a//span[contains(@class, 'full')]/text()}]\nCapabilities {acceptInsecureCerts: true, browserName: chrome, browserVersion: 113.0.5672.126, chrome: {chromedriverVersion: 113.0.5672.63 (0e1a4471d5ae..., userDataDir: C:\\Program Files (x86)\\scop...}, goog:chromeOptions: {debuggerAddress: localhost:51000}, networkConnectionEnabled: false, pageLoadStrategy: normal, platformName: WINDOWS, proxy: Proxy(), se:cdp: ws://localhost:51000/devtoo..., se:cdpVersion: 113.0.5672.126, setWindowRect: true, strictFileInteractability: false, timeouts: {implicit: 0, pageLoad: 300000, script: 30000}, unhandledPromptBehavior: accept, webauthn:extension:credBlob: true, webauthn:extension:largeBlob: true, webauthn:extension:minPinLength: true, webauthn:extension:prf: true, webauthn:virtualAuthenticators: true}\nSession ID: 557620b72333cab55ef991176e7505a6","trace":"org.openqa.selenium.InvalidSelectorException: invalid selector: The result of the xpath expression \"//div[@id='desktop-grid-1']//a//span[contains(@class, 'full')]/text()\" is: [object Text]. It should be an element.\n  (Session info: chrome=113.0.5672.126)\nFor documentation on this error, please visit: https://selenium.dev/exceptions/#invalid_selector_exception\nBuild info: version: '4.8.3', revision: 'e5e76298c3'\nSystem info: os.name: 'Windows 10', os.arch: 'amd64', os.version: '10.0', java.version: '19.0.2'\nDriver info: org.openqa.selenium.chrome.ChromeDriver\nCommand: [557620b72333cab55ef991176e7505a6, findElements {using=xpath, value=//div[@id='desktop-grid-1']//a//span[contains(@class, 'full')]/text()}]\nCapabilities {acceptInsecureCerts: true, browserName: chrome, browserVersion: 113.0.5672.126, chrome: {chromedriverVersion: 113.0.5672.63 (0e1a4471d5ae..., userDataDir: C:\\Program Files (x86)\\scop...}, goog:chromeOptions: {debuggerAddress: localhost:51000}, networkConnectionEnabled: false, pageLoadStrategy: normal, platformName: WINDOWS, proxy: Proxy(), se:cdp: ws://localhost:51000/devtoo..., se:cdpVersion: 113.0.5672.126, setWindowRect: true, strictFileInteractability: false, timeouts: {implicit: 0, pageLoad: 300000, script: 30000}, unhandledPromptBehavior: accept, webauthn:extension:credBlob: true, webauthn:extension:largeBlob: true, webauthn:extension:minPinLength: true, webauthn:extension:prf: true, webauthn:virtualAuthenticators: true}\nSession ID: 557620b72333cab55ef991176e7505a6\r\n\tat java.base/jdk.internal.reflect.DirectConstructorHandleAccessor.newInstance(DirectConstructorHandleAccessor.java:67)\r\n\tat java.base/java.lang.reflect.Constructor.newInstanceWithCaller(Constructor.java:500)\r\n\tat java.base/java.lang.reflect.Constructor.newInstance(Constructor.java:484)\r\n\tat org.openqa.selenium.remote.codec.w3c.W3CHttpResponseCodec.createException(W3CHttpResponseCodec.java:200)\r\n\tat org.openqa.selenium.remote.codec.w3c.W3CHttpResponseCodec.decode(W3CHttpResponseCodec.java:133)\r\n\tat org.openqa.selenium.remote.codec.w3c.W3CHttpResponseCodec.decode(W3CHttpResponseCodec.java:53)\r\n\tat org.openqa.selenium.remote.HttpCommandExecutor.execute(HttpCommandExecutor.java:193)\r\n\tat org.openqa.selenium.remote.service.DriverCommandExecutor.invokeExecute(DriverCommandExecutor.java:183)\r\n\tat org.openqa.selenium.remote.service.DriverCommandExecutor.execute(DriverCommandExecutor.java:158)\r\n\tat org.openqa.selenium.remote.RemoteWebDriver.execute(RemoteWebDriver.java:543)\r\n\tat org.openqa.selenium.remote.ElementLocation$ElementFinder$2.findElements(ElementLocation.java:179)\r\n\tat org.openqa.selenium.remote.ElementLocation.findElements(ElementLocation.java:102)\r\n\tat org.openqa.selenium.remote.RemoteWebDriver.findElements(RemoteWebDriver.java:367)\r\n\tat org.openqa.selenium.remote.RemoteWebDriver.findElements(RemoteWebDriver.java:359)\r\n\tat com.codeborne.selenide.impl.WebElementSelector.findElements(WebElementSelector.java:76)\r\n\tat com.codeborne.selenide.impl.WebElementSelector.findElements(WebElementSelector.java:61)\r\n\tat com.codeborne.selenide.impl.BySelectorCollection.getElements(BySelectorCollection.java:40)\r\n\tat com.codeborne.selenide.impl.CollectionSnapshot.<init>(CollectionSnapshot.java:23)\r\n\tat com.codeborne.selenide.ElementsCollection.lambda$asFixedIterable$1(ElementsCollection.java:602)\r\n\tat com.codeborne.selenide.ElementsCollection.iterator(ElementsCollection.java:536)\r\n\tat Pages.HomePage.pickupWhereYouLeftItemsGetTitles(HomePage.java:21)\r\n\tat tests.Ordering.Home_Page.VerifyProductAppearsInPickupWhereYouLeftSection.verifyProductAppearsInPickupWhereYouLeftSection(VerifyProductAppearsInPickupWhereYouLeftSection.java:26)\r\n\tat java.base/jdk.internal.reflect.DirectMethodHandleAccessor.invoke(DirectMethodHandleAccessor.java:104)\r\n\tat java.base/java.lang.reflect.Method.invoke(Method.java:578)\r\n\tat org.testng.internal.invokers.MethodInvocationHelper.invokeMethod(MethodInvocationHelper.java:139)\r\n\tat org.testng.internal.invokers.TestInvoker.invokeMethod(TestInvoker.java:677)\r\n\tat org.testng.internal.invokers.TestInvoker.invokeTestMethod(TestInvoker.java:221)\r\n\tat org.testng.internal.invokers.MethodRunner.runInSequence(MethodRunner.java:50)\r\n\tat org.testng.internal.invokers.TestInvoker$MethodInvocationAgent.invoke(TestInvoker.java:969)\r\n\tat org.testng.internal.invokers.TestInvoker.invokeTestMethods(TestInvoker.java:194)\r\n\tat org.testng.internal.invokers.TestMethodWorker.invokeTestMethods(TestMethodWorker.java:148)\r\n\tat org.testng.internal.invokers.TestMethodWorker.run(TestMethodWorker.java:128)\r\n\tat java.base/java.util.ArrayList.forEach(ArrayList.java:1511)\r\n\tat org.testng.TestRunner.privateRun(TestRunner.java:829)\r\n\tat org.testng.TestRunner.run(TestRunner.java:602)\r\n\tat org.testng.SuiteRunner.runTest(SuiteRunner.java:437)\r\n\tat org.testng.SuiteRunner.runSequentially(SuiteRunner.java:431)\r\n\tat org.testng.SuiteRunner.privateRun(SuiteRunner.java:391)\r\n\tat org.testng.SuiteRunner.run(SuiteRunner.java:330)\r\n\tat org.testng.SuiteRunnerWorker.runSuite(SuiteRunnerWorker.java:52)\r\n\tat org.testng.SuiteRunnerWorker.run(SuiteRunnerWorker.java:95)\r\n\tat org.testng.TestNG.runSuitesSequentially(TestNG.java:1256)\r\n\tat org.testng.TestNG.runSuitesLocally(TestNG.java:1176)\r\n\tat org.testng.TestNG.runSuites(TestNG.java:1099)\r\n\tat org.testng.TestNG.run(TestNG.java:1067)\r\n\tat com.intellij.rt.testng.IDEARemoteTestNG.run(IDEARemoteTestNG.java:66)\r\n\tat com.intellij.rt.testng.RemoteTestNGStarter.main(RemoteTestNGStarter.java:109)\r\n"},"stage":"finished","steps":[],"attachments":[],"parameters":[],"start":1684774437989,"stop":1684774438029}],"attachments":[],"parameters":[],"start":1684774418252,"stop":1684774438032}