{"uuid":"d3d2f43b-66f1-47c7-9dad-5f722834fbaf","historyId":"f3d31f583830291b42a0fc82b9326552","fullName":"tests.Ordering.Checkout.VerifyAddingNewShippingAddress.verifyAddingNewShippingAddress","labels":[{"name":"package","value":"tests.Ordering.Checkout.VerifyAddingNewShippingAddress"},{"name":"testClass","value":"tests.Ordering.Checkout.VerifyAddingNewShippingAddress"},{"name":"testMethod","value":"verifyAddingNewShippingAddress"},{"name":"parentSuite","value":"Smoke Tests"},{"name":"suite","value":"Sign In / Sign Out"},{"name":"subSuite","value":"tests.Ordering.Checkout.VerifyAddingNewShippingAddress"},{"name":"host","value":"LWO1-LDL-A11632"},{"name":"thread","value":"34852@LWO1-LDL-A11632.main(1)"},{"name":"framework","value":"testng"},{"name":"language","value":"java"}],"links":[],"name":"verifyAddingNewShippingAddress","status":"failed","statusDetails":{"known":false,"muted":false,"flaky":false,"message":"Invalid element state [By.xpath: //a[contains(@id, 'ya-myab-set-default-shipping-btn')]/../..//a[contains(@id, 'ya-myab-address-delete-btn')][2]]: element click intercepted: Element <a id=\"ya-myab-address-delete-btn-3\" class=\"a-link-normal delete-link\" href=\"#\">...</a> is not clickable at point (607, 671). Other element would receive the click: <div class=\"a-modal-scroller a-declarative\" data-action=\"a-popover-floating-close\" style=\"padding-bottom: 0px; visibility: visible;\">...</div>\r\nScreenshot: file:/C:/Users/andrii.teterka/IdeaProjects/IDPProjectUI/build/reports/tests/1684424753823.0.png\r\nPage source: file:/C:/Users/andrii.teterka/IdeaProjects/IDPProjectUI/build/reports/tests/1684424753823.0.html\r\nTimeout: 6 s.\r\nCaused by: ElementClickInterceptedException: element click intercepted: Element <a id=\"ya-myab-address-delete-btn-3\" class=\"a-link-normal delete-link\" href=\"#\">...</a> is not clickable at point (607, 671). Other element would receive the click: <div class=\"a-modal-scroller a-declarative\" data-action=\"a-popover-floating-close\" style=\"padding-bottom: 0px; visibility: visible;\">...</div>","trace":"Invalid element state [By.xpath: //a[contains(@id, 'ya-myab-set-default-shipping-btn')]/../..//a[contains(@id, 'ya-myab-address-delete-btn')][2]]: element click intercepted: Element <a id=\"ya-myab-address-delete-btn-3\" class=\"a-link-normal delete-link\" href=\"#\">...</a> is not clickable at point (607, 671). Other element would receive the click: <div class=\"a-modal-scroller a-declarative\" data-action=\"a-popover-floating-close\" style=\"padding-bottom: 0px; visibility: visible;\">...</div>\r\nScreenshot: file:/C:/Users/andrii.teterka/IdeaProjects/IDPProjectUI/build/reports/tests/1684424753823.0.png\r\nPage source: file:/C:/Users/andrii.teterka/IdeaProjects/IDPProjectUI/build/reports/tests/1684424753823.0.html\r\nTimeout: 6 s.\r\nCaused by: ElementClickInterceptedException: element click intercepted: Element <a id=\"ya-myab-address-delete-btn-3\" class=\"a-link-normal delete-link\" href=\"#\">...</a> is not clickable at point (607, 671). Other element would receive the click: <div class=\"a-modal-scroller a-declarative\" data-action=\"a-popover-floating-close\" style=\"padding-bottom: 0px; visibility: visible;\">...</div>\r\n\tat com.codeborne.selenide.impl.ExceptionWrapper.wrap(ExceptionWrapper.java:26)\r\n\tat com.codeborne.selenide.impl.SelenideElementProxy.dispatchAndRetry(SelenideElementProxy.java:154)\r\n\tat com.codeborne.selenide.impl.SelenideElementProxy.invoke(SelenideElementProxy.java:84)\r\n\tat jdk.proxy2/jdk.proxy2.$Proxy9.click(Unknown Source)\r\n\tat Pages.YourAddressesPage.removeAllAddresses(YourAddressesPage.java:22)\r\n\tat tests.Ordering.Checkout.VerifyAddingNewShippingAddress.verifyAddingNewShippingAddress(VerifyAddingNewShippingAddress.java:36)\r\n\tat java.base/jdk.internal.reflect.DirectMethodHandleAccessor.invoke(DirectMethodHandleAccessor.java:104)\r\n\tat java.base/java.lang.reflect.Method.invoke(Method.java:578)\r\n\tat org.testng.internal.invokers.MethodInvocationHelper.invokeMethod(MethodInvocationHelper.java:139)\r\n\tat org.testng.internal.invokers.TestInvoker.invokeMethod(TestInvoker.java:677)\r\n\tat org.testng.internal.invokers.TestInvoker.invokeTestMethod(TestInvoker.java:221)\r\n\tat org.testng.internal.invokers.MethodRunner.runInSequence(MethodRunner.java:50)\r\n\tat org.testng.internal.invokers.TestInvoker$MethodInvocationAgent.invoke(TestInvoker.java:969)\r\n\tat org.testng.internal.invokers.TestInvoker.invokeTestMethods(TestInvoker.java:194)\r\n\tat org.testng.internal.invokers.TestMethodWorker.invokeTestMethods(TestMethodWorker.java:148)\r\n\tat org.testng.internal.invokers.TestMethodWorker.run(TestMethodWorker.java:128)\r\n\tat java.base/java.util.ArrayList.forEach(ArrayList.java:1511)\r\n\tat org.testng.TestRunner.privateRun(TestRunner.java:829)\r\n\tat org.testng.TestRunner.run(TestRunner.java:602)\r\n\tat org.testng.SuiteRunner.runTest(SuiteRunner.java:437)\r\n\tat org.testng.SuiteRunner.runSequentially(SuiteRunner.java:431)\r\n\tat org.testng.SuiteRunner.privateRun(SuiteRunner.java:391)\r\n\tat org.testng.SuiteRunner.run(SuiteRunner.java:330)\r\n\tat org.testng.SuiteRunnerWorker.runSuite(SuiteRunnerWorker.java:52)\r\n\tat org.testng.SuiteRunnerWorker.run(SuiteRunnerWorker.java:95)\r\n\tat org.testng.TestNG.runSuitesSequentially(TestNG.java:1256)\r\n\tat org.testng.TestNG.runSuitesLocally(TestNG.java:1176)\r\n\tat org.testng.TestNG.runSuites(TestNG.java:1099)\r\n\tat org.testng.TestNG.run(TestNG.java:1067)\r\n\tat com.intellij.rt.testng.IDEARemoteTestNG.run(IDEARemoteTestNG.java:66)\r\n\tat com.intellij.rt.testng.RemoteTestNGStarter.main(RemoteTestNGStarter.java:109)\r\nCaused by: org.openqa.selenium.ElementClickInterceptedException: element click intercepted: Element <a id=\"ya-myab-address-delete-btn-3\" class=\"a-link-normal delete-link\" href=\"#\">...</a> is not clickable at point (607, 671). Other element would receive the click: <div class=\"a-modal-scroller a-declarative\" data-action=\"a-popover-floating-close\" style=\"padding-bottom: 0px; visibility: visible;\">...</div>\n  (Session info: chrome=113.0.5672.126)\nBuild info: version: '4.8.3', revision: 'e5e76298c3'\nSystem info: os.name: 'Windows 10', os.arch: 'amd64', os.version: '10.0', java.version: '19.0.2'\nDriver info: org.openqa.selenium.chrome.ChromeDriver\nCommand: [d3058e90009705363ba8285e8967b6e8, clickElement {id=38CCCA386A96E6FD6765E3E7736B8301_element_170}]\nCapabilities {acceptInsecureCerts: true, browserName: chrome, browserVersion: 113.0.5672.126, chrome: {chromedriverVersion: 113.0.5672.63 (0e1a4471d5ae..., userDataDir: C:\\Program Files (x86)\\scop...}, goog:chromeOptions: {debuggerAddress: localhost:64138}, networkConnectionEnabled: false, pageLoadStrategy: normal, platformName: WINDOWS, proxy: Proxy(), se:cdp: ws://localhost:64138/devtoo..., se:cdpVersion: 113.0.5672.126, setWindowRect: true, strictFileInteractability: false, timeouts: {implicit: 0, pageLoad: 300000, script: 30000}, unhandledPromptBehavior: accept, webauthn:extension:credBlob: true, webauthn:extension:largeBlob: true, webauthn:extension:minPinLength: true, webauthn:extension:prf: true, webauthn:virtualAuthenticators: true}\nElement: [[ChromeDriver: chrome on WINDOWS (d3058e90009705363ba8285e8967b6e8)] -> xpath: //a[contains(@id, 'ya-myab-set-default-shipping-btn')]/../..//a[contains(@id, 'ya-myab-address-delete-btn')]]\nSession ID: d3058e90009705363ba8285e8967b6e8\r\n\tat java.base/jdk.internal.reflect.DirectConstructorHandleAccessor.newInstance(DirectConstructorHandleAccessor.java:67)\r\n\tat java.base/java.lang.reflect.Constructor.newInstanceWithCaller(Constructor.java:500)\r\n\tat java.base/java.lang.reflect.Constructor.newInstance(Constructor.java:484)\r\n\tat org.openqa.selenium.remote.codec.w3c.W3CHttpResponseCodec.createException(W3CHttpResponseCodec.java:200)\r\n\tat org.openqa.selenium.remote.codec.w3c.W3CHttpResponseCodec.decode(W3CHttpResponseCodec.java:133)\r\n\tat org.openqa.selenium.remote.codec.w3c.W3CHttpResponseCodec.decode(W3CHttpResponseCodec.java:53)\r\n\tat org.openqa.selenium.remote.HttpCommandExecutor.execute(HttpCommandExecutor.java:193)\r\n\tat org.openqa.selenium.remote.service.DriverCommandExecutor.invokeExecute(DriverCommandExecutor.java:183)\r\n\tat org.openqa.selenium.remote.service.DriverCommandExecutor.execute(DriverCommandExecutor.java:158)\r\n\tat org.openqa.selenium.remote.RemoteWebDriver.execute(RemoteWebDriver.java:543)\r\n\tat org.openqa.selenium.remote.RemoteWebElement.execute(RemoteWebElement.java:257)\r\n\tat org.openqa.selenium.remote.RemoteWebElement.click(RemoteWebElement.java:78)\r\n\tat com.codeborne.selenide.commands.Click.defaultClick(Click.java:97)\r\n\tat com.codeborne.selenide.commands.Click.click(Click.java:54)\r\n\tat com.codeborne.selenide.commands.Click.execute(Click.java:31)\r\n\tat com.codeborne.selenide.commands.Click.execute(Click.java:21)\r\n\tat com.codeborne.selenide.commands.Commands.execute(Commands.java:160)\r\n\tat com.codeborne.selenide.impl.SelenideElementProxy.dispatchAndRetry(SelenideElementProxy.java:132)\r\n\t... 29 more\r\n"},"stage":"finished","description":"Verify adding a new shipping address","steps":[{"name":"Click on Account List link","status":"passed","stage":"finished","steps":[],"attachments":[],"parameters":[],"start":1684424738526,"stop":1684424739426},{"name":"Sign in existing user","status":"passed","stage":"finished","steps":[{"name":"Enter user email","status":"passed","stage":"finished","steps":[],"attachments":[],"parameters":[{"name":"email","value":"amazonmail131313@gmail.com"}],"start":1684424739430,"stop":1684424739657},{"name":"Click on Continue button","status":"passed","stage":"finished","steps":[],"attachments":[],"parameters":[],"start":1684424739657,"stop":1684424741094},{"name":"Enter user password","status":"passed","stage":"finished","steps":[],"attachments":[],"parameters":[{"name":"password","value":"test1234!!!!"}],"start":1684424741094,"stop":1684424741233},{"name":"Click on Sign In button","status":"passed","stage":"finished","steps":[],"attachments":[],"parameters":[],"start":1684424741233,"stop":1684424741327}],"attachments":[],"parameters":[{"name":"email","value":"amazonmail131313@gmail.com"},{"name":"password","value":"test1234!!!!"}],"start":1684424739429,"stop":1684424741327},{"name":"Click on Account List link","status":"passed","stage":"finished","steps":[],"attachments":[],"parameters":[],"start":1684424741328,"stop":1684424744691},{"name":"Click on Your Addresses link","status":"passed","stage":"finished","steps":[],"attachments":[],"parameters":[],"start":1684424744691,"stop":1684424745461},{"name":"Remove all addresses","status":"failed","statusDetails":{"known":false,"muted":false,"flaky":false,"message":"Invalid element state [By.xpath: //a[contains(@id, 'ya-myab-set-default-shipping-btn')]/../..//a[contains(@id, 'ya-myab-address-delete-btn')][2]]: element click intercepted: Element <a id=\"ya-myab-address-delete-btn-3\" class=\"a-link-normal delete-link\" href=\"#\">...</a> is not clickable at point (607, 671). Other element would receive the click: <div class=\"a-modal-scroller a-declarative\" data-action=\"a-popover-floating-close\" style=\"padding-bottom: 0px; visibility: visible;\">...</div>\r\nScreenshot: file:/C:/Users/andrii.teterka/IdeaProjects/IDPProjectUI/build/reports/tests/1684424753823.0.png\r\nPage source: file:/C:/Users/andrii.teterka/IdeaProjects/IDPProjectUI/build/reports/tests/1684424753823.0.html\r\nTimeout: 6 s.\r\nCaused by: ElementClickInterceptedException: element click intercepted: Element <a id=\"ya-myab-address-delete-btn-3\" class=\"a-link-normal delete-link\" href=\"#\">...</a> is not clickable at point (607, 671). Other element would receive the click: <div class=\"a-modal-scroller a-declarative\" data-action=\"a-popover-floating-close\" style=\"padding-bottom: 0px; visibility: visible;\">...</div>","trace":"Invalid element state [By.xpath: //a[contains(@id, 'ya-myab-set-default-shipping-btn')]/../..//a[contains(@id, 'ya-myab-address-delete-btn')][2]]: element click intercepted: Element <a id=\"ya-myab-address-delete-btn-3\" class=\"a-link-normal delete-link\" href=\"#\">...</a> is not clickable at point (607, 671). Other element would receive the click: <div class=\"a-modal-scroller a-declarative\" data-action=\"a-popover-floating-close\" style=\"padding-bottom: 0px; visibility: visible;\">...</div>\r\nScreenshot: file:/C:/Users/andrii.teterka/IdeaProjects/IDPProjectUI/build/reports/tests/1684424753823.0.png\r\nPage source: file:/C:/Users/andrii.teterka/IdeaProjects/IDPProjectUI/build/reports/tests/1684424753823.0.html\r\nTimeout: 6 s.\r\nCaused by: ElementClickInterceptedException: element click intercepted: Element <a id=\"ya-myab-address-delete-btn-3\" class=\"a-link-normal delete-link\" href=\"#\">...</a> is not clickable at point (607, 671). Other element would receive the click: <div class=\"a-modal-scroller a-declarative\" data-action=\"a-popover-floating-close\" style=\"padding-bottom: 0px; visibility: visible;\">...</div>\r\n\tat com.codeborne.selenide.impl.ExceptionWrapper.wrap(ExceptionWrapper.java:26)\r\n\tat com.codeborne.selenide.impl.SelenideElementProxy.dispatchAndRetry(SelenideElementProxy.java:154)\r\n\tat com.codeborne.selenide.impl.SelenideElementProxy.invoke(SelenideElementProxy.java:84)\r\n\tat jdk.proxy2/jdk.proxy2.$Proxy9.click(Unknown Source)\r\n\tat Pages.YourAddressesPage.removeAllAddresses(YourAddressesPage.java:22)\r\n\tat tests.Ordering.Checkout.VerifyAddingNewShippingAddress.verifyAddingNewShippingAddress(VerifyAddingNewShippingAddress.java:36)\r\n\tat java.base/jdk.internal.reflect.DirectMethodHandleAccessor.invoke(DirectMethodHandleAccessor.java:104)\r\n\tat java.base/java.lang.reflect.Method.invoke(Method.java:578)\r\n\tat org.testng.internal.invokers.MethodInvocationHelper.invokeMethod(MethodInvocationHelper.java:139)\r\n\tat org.testng.internal.invokers.TestInvoker.invokeMethod(TestInvoker.java:677)\r\n\tat org.testng.internal.invokers.TestInvoker.invokeTestMethod(TestInvoker.java:221)\r\n\tat org.testng.internal.invokers.MethodRunner.runInSequence(MethodRunner.java:50)\r\n\tat org.testng.internal.invokers.TestInvoker$MethodInvocationAgent.invoke(TestInvoker.java:969)\r\n\tat org.testng.internal.invokers.TestInvoker.invokeTestMethods(TestInvoker.java:194)\r\n\tat org.testng.internal.invokers.TestMethodWorker.invokeTestMethods(TestMethodWorker.java:148)\r\n\tat org.testng.internal.invokers.TestMethodWorker.run(TestMethodWorker.java:128)\r\n\tat java.base/java.util.ArrayList.forEach(ArrayList.java:1511)\r\n\tat org.testng.TestRunner.privateRun(TestRunner.java:829)\r\n\tat org.testng.TestRunner.run(TestRunner.java:602)\r\n\tat org.testng.SuiteRunner.runTest(SuiteRunner.java:437)\r\n\tat org.testng.SuiteRunner.runSequentially(SuiteRunner.java:431)\r\n\tat org.testng.SuiteRunner.privateRun(SuiteRunner.java:391)\r\n\tat org.testng.SuiteRunner.run(SuiteRunner.java:330)\r\n\tat org.testng.SuiteRunnerWorker.runSuite(SuiteRunnerWorker.java:52)\r\n\tat org.testng.SuiteRunnerWorker.run(SuiteRunnerWorker.java:95)\r\n\tat org.testng.TestNG.runSuitesSequentially(TestNG.java:1256)\r\n\tat org.testng.TestNG.runSuitesLocally(TestNG.java:1176)\r\n\tat org.testng.TestNG.runSuites(TestNG.java:1099)\r\n\tat org.testng.TestNG.run(TestNG.java:1067)\r\n\tat com.intellij.rt.testng.IDEARemoteTestNG.run(IDEARemoteTestNG.java:66)\r\n\tat com.intellij.rt.testng.RemoteTestNGStarter.main(RemoteTestNGStarter.java:109)\r\nCaused by: org.openqa.selenium.ElementClickInterceptedException: element click intercepted: Element <a id=\"ya-myab-address-delete-btn-3\" class=\"a-link-normal delete-link\" href=\"#\">...</a> is not clickable at point (607, 671). Other element would receive the click: <div class=\"a-modal-scroller a-declarative\" data-action=\"a-popover-floating-close\" style=\"padding-bottom: 0px; visibility: visible;\">...</div>\n  (Session info: chrome=113.0.5672.126)\nBuild info: version: '4.8.3', revision: 'e5e76298c3'\nSystem info: os.name: 'Windows 10', os.arch: 'amd64', os.version: '10.0', java.version: '19.0.2'\nDriver info: org.openqa.selenium.chrome.ChromeDriver\nCommand: [d3058e90009705363ba8285e8967b6e8, clickElement {id=38CCCA386A96E6FD6765E3E7736B8301_element_170}]\nCapabilities {acceptInsecureCerts: true, browserName: chrome, browserVersion: 113.0.5672.126, chrome: {chromedriverVersion: 113.0.5672.63 (0e1a4471d5ae..., userDataDir: C:\\Program Files (x86)\\scop...}, goog:chromeOptions: {debuggerAddress: localhost:64138}, networkConnectionEnabled: false, pageLoadStrategy: normal, platformName: WINDOWS, proxy: Proxy(), se:cdp: ws://localhost:64138/devtoo..., se:cdpVersion: 113.0.5672.126, setWindowRect: true, strictFileInteractability: false, timeouts: {implicit: 0, pageLoad: 300000, script: 30000}, unhandledPromptBehavior: accept, webauthn:extension:credBlob: true, webauthn:extension:largeBlob: true, webauthn:extension:minPinLength: true, webauthn:extension:prf: true, webauthn:virtualAuthenticators: true}\nElement: [[ChromeDriver: chrome on WINDOWS (d3058e90009705363ba8285e8967b6e8)] -> xpath: //a[contains(@id, 'ya-myab-set-default-shipping-btn')]/../..//a[contains(@id, 'ya-myab-address-delete-btn')]]\nSession ID: d3058e90009705363ba8285e8967b6e8\r\n\tat java.base/jdk.internal.reflect.DirectConstructorHandleAccessor.newInstance(DirectConstructorHandleAccessor.java:67)\r\n\tat java.base/java.lang.reflect.Constructor.newInstanceWithCaller(Constructor.java:500)\r\n\tat java.base/java.lang.reflect.Constructor.newInstance(Constructor.java:484)\r\n\tat org.openqa.selenium.remote.codec.w3c.W3CHttpResponseCodec.createException(W3CHttpResponseCodec.java:200)\r\n\tat org.openqa.selenium.remote.codec.w3c.W3CHttpResponseCodec.decode(W3CHttpResponseCodec.java:133)\r\n\tat org.openqa.selenium.remote.codec.w3c.W3CHttpResponseCodec.decode(W3CHttpResponseCodec.java:53)\r\n\tat org.openqa.selenium.remote.HttpCommandExecutor.execute(HttpCommandExecutor.java:193)\r\n\tat org.openqa.selenium.remote.service.DriverCommandExecutor.invokeExecute(DriverCommandExecutor.java:183)\r\n\tat org.openqa.selenium.remote.service.DriverCommandExecutor.execute(DriverCommandExecutor.java:158)\r\n\tat org.openqa.selenium.remote.RemoteWebDriver.execute(RemoteWebDriver.java:543)\r\n\tat org.openqa.selenium.remote.RemoteWebElement.execute(RemoteWebElement.java:257)\r\n\tat org.openqa.selenium.remote.RemoteWebElement.click(RemoteWebElement.java:78)\r\n\tat com.codeborne.selenide.commands.Click.defaultClick(Click.java:97)\r\n\tat com.codeborne.selenide.commands.Click.click(Click.java:54)\r\n\tat com.codeborne.selenide.commands.Click.execute(Click.java:31)\r\n\tat com.codeborne.selenide.commands.Click.execute(Click.java:21)\r\n\tat com.codeborne.selenide.commands.Commands.execute(Commands.java:160)\r\n\tat com.codeborne.selenide.impl.SelenideElementProxy.dispatchAndRetry(SelenideElementProxy.java:132)\r\n\t... 29 more\r\n"},"stage":"finished","steps":[],"attachments":[],"parameters":[],"start":1684424745461,"stop":1684424754047}],"attachments":[],"parameters":[],"start":1684424738429,"stop":1684424754055}