{"uid":"116141b0a5398554","name":"Verify added to cart product price","fullName":"tests.Ordering.Cart.VerifyAddedToCartProductPrice.verifyAddedToCartProductPrice","historyId":"862fe465b23269a1b98c2e044fa1e49f","time":{"start":1686149477344,"stop":1686149483696,"duration":6352},"description":"Verify added to cart product price","descriptionHtml":"<p>Verify added to cart product price</p>\n","status":"failed","statusMessage":"Element not found {#twotabsearchtextbox}\nExpected: visible\nScreenshot: file:/home/runner/work/IDPProjectUI/IDPProjectUI/target/allure-results/1686149483504.49.png\nPage source: file:/home/runner/work/IDPProjectUI/IDPProjectUI/target/allure-results/1686149483504.49.html\nTimeout: 6 s.\nCaused by: NoSuchElementException: no such element: Unable to locate element: {\"method\":\"css selector\",\"selector\":\"#twotabsearchtextbox\"}","statusTrace":"Element not found {#twotabsearchtextbox}\nExpected: visible\nScreenshot: file:/home/runner/work/IDPProjectUI/IDPProjectUI/target/allure-results/1686149483504.49.png\nPage source: file:/home/runner/work/IDPProjectUI/IDPProjectUI/target/allure-results/1686149483504.49.html\nTimeout: 6 s.\nCaused by: NoSuchElementException: no such element: Unable to locate element: {\"method\":\"css selector\",\"selector\":\"#twotabsearchtextbox\"}\n\tat com.codeborne.selenide.impl.WebElementSource.createElementNotFoundError(WebElementSource.java:88)\n\tat com.codeborne.selenide.impl.ElementFinder.createElementNotFoundError(ElementFinder.java:142)\n\tat com.codeborne.selenide.impl.WebElementSource.handleError(WebElementSource.java:140)\n\tat com.codeborne.selenide.impl.WebElementSource.checkConditionAndReturnElement(WebElementSource.java:124)\n\tat com.codeborne.selenide.impl.WebElementSource.checkCondition(WebElementSource.java:101)\n\tat com.codeborne.selenide.commands.Should.execute(Should.java:30)\n\tat com.codeborne.selenide.commands.Should.execute(Should.java:14)\n\tat com.codeborne.selenide.commands.Commands.execute(Commands.java:160)\n\tat com.codeborne.selenide.impl.SelenideElementProxy.dispatchAndRetry(SelenideElementProxy.java:132)\n\tat com.codeborne.selenide.impl.SelenideElementProxy.invoke(SelenideElementProxy.java:84)\n\tat com.sun.proxy.$Proxy7.shouldBe(Unknown Source)\n\tat PageComponents.SearchBar.searchForItem(SearchBar.java:54)\n\tat tests.Ordering.Cart.VerifyAddedToCartProductPrice.verifyAddedToCartProductPrice(VerifyAddedToCartProductPrice.java:25)\n\tat java.base/jdk.internal.reflect.NativeMethodAccessorImpl.invoke0(Native Method)\n\tat java.base/jdk.internal.reflect.NativeMethodAccessorImpl.invoke(NativeMethodAccessorImpl.java:62)\n\tat java.base/jdk.internal.reflect.DelegatingMethodAccessorImpl.invoke(DelegatingMethodAccessorImpl.java:43)\n\tat java.base/java.lang.reflect.Method.invoke(Method.java:566)\n\tat org.testng.internal.invokers.MethodInvocationHelper.invokeMethod(MethodInvocationHelper.java:139)\n\tat org.testng.internal.invokers.TestInvoker.invokeMethod(TestInvoker.java:677)\n\tat org.testng.internal.invokers.TestInvoker.retryFailed(TestInvoker.java:263)\n\tat org.testng.internal.invokers.MethodRunner.runInSequence(MethodRunner.java:62)\n\tat org.testng.internal.invokers.TestInvoker$MethodInvocationAgent.invoke(TestInvoker.java:969)\n\tat org.testng.internal.invokers.TestInvoker.invokeTestMethods(TestInvoker.java:194)\n\tat org.testng.internal.invokers.TestMethodWorker.invokeTestMethods(TestMethodWorker.java:148)\n\tat org.testng.internal.invokers.TestMethodWorker.run(TestMethodWorker.java:128)\n\tat java.base/java.util.concurrent.ThreadPoolExecutor.runWorker(ThreadPoolExecutor.java:1128)\n\tat java.base/java.util.concurrent.ThreadPoolExecutor$Worker.run(ThreadPoolExecutor.java:628)\n\tat java.base/java.lang.Thread.run(Thread.java:829)\nCaused by: org.openqa.selenium.NoSuchElementException: no such element: Unable to locate element: {\"method\":\"css selector\",\"selector\":\"#twotabsearchtextbox\"}\n  (Session info: chrome=113.0.5672.126)\nFor documentation on this error, please visit: https://selenium.dev/exceptions/#no_such_element\nBuild info: version: '4.8.3', revision: 'e5e76298c3'\nSystem info: os.name: 'Linux', os.arch: 'amd64', os.version: '5.15.0-1038-azure', java.version: '11.0.19'\nDriver info: org.openqa.selenium.chrome.ChromeDriver\nCommand: [673d2c4037e1a8c0687af0f0ed314376, findElement {using=css selector, value=#twotabsearchtextbox}]\nCapabilities {acceptInsecureCerts: true, browserName: chrome, browserVersion: 113.0.5672.126, chrome: {chromedriverVersion: 113.0.5672.63 (0e1a4471d5ae..., userDataDir: /tmp/.com.google.Chrome.yUMHbH}, goog:chromeOptions: {debuggerAddress: localhost:39659}, networkConnectionEnabled: false, pageLoadStrategy: normal, platformName: LINUX, proxy: Proxy(), se:cdp: ws://localhost:39659/devtoo..., se:cdpVersion: 113.0.5672.126, setWindowRect: true, strictFileInteractability: false, timeouts: {implicit: 0, pageLoad: 300000, script: 30000}, unhandledPromptBehavior: accept, webauthn:extension:credBlob: true, webauthn:extension:largeBlob: true, webauthn:extension:minPinLength: true, webauthn:extension:prf: true, webauthn:virtualAuthenticators: true}\nSession ID: 673d2c4037e1a8c0687af0f0ed314376\n\tat jdk.internal.reflect.GeneratedConstructorAccessor14.newInstance(Unknown Source)\n\tat java.base/jdk.internal.reflect.DelegatingConstructorAccessorImpl.newInstance(DelegatingConstructorAccessorImpl.java:45)\n\tat java.base/java.lang.reflect.Constructor.newInstance(Constructor.java:490)\n\tat org.openqa.selenium.remote.codec.w3c.W3CHttpResponseCodec.createException(W3CHttpResponseCodec.java:200)\n\tat org.openqa.selenium.remote.codec.w3c.W3CHttpResponseCodec.decode(W3CHttpResponseCodec.java:133)\n\tat org.openqa.selenium.remote.codec.w3c.W3CHttpResponseCodec.decode(W3CHttpResponseCodec.java:53)\n\tat org.openqa.selenium.remote.HttpCommandExecutor.execute(HttpCommandExecutor.java:193)\n\tat org.openqa.selenium.remote.service.DriverCommandExecutor.invokeExecute(DriverCommandExecutor.java:183)\n\tat org.openqa.selenium.remote.service.DriverCommandExecutor.execute(DriverCommandExecutor.java:158)\n\tat org.openqa.selenium.remote.RemoteWebDriver.execute(RemoteWebDriver.java:543)\n\tat org.openqa.selenium.remote.ElementLocation$ElementFinder$2.findElement(ElementLocation.java:162)\n\tat org.openqa.selenium.remote.ElementLocation.findElement(ElementLocation.java:60)\n\tat org.openqa.selenium.remote.RemoteWebDriver.findElement(RemoteWebDriver.java:352)\n\tat org.openqa.selenium.remote.RemoteWebDriver.findElement(RemoteWebDriver.java:344)\n\tat com.codeborne.selenide.impl.WebElementSelector.findElement(WebElementSelector.java:70)\n\tat com.codeborne.selenide.impl.WebElementSelector.findElement(WebElementSelector.java:44)\n\tat com.codeborne.selenide.impl.WebElementSelector.findElement(WebElementSelector.java:33)\n\tat com.codeborne.selenide.impl.ElementFinder.getWebElement(ElementFinder.java:122)\n\tat com.codeborne.selenide.impl.WebElementSource.checkConditionAndReturnElement(WebElementSource.java:113)\n\t... 24 more\n","flaky":true,"newFailed":false,"newBroken":false,"newPassed":false,"retriesCount":2,"retriesStatusChange":true,"beforeStages":[{"name":"init","time":{"start":1686149476670,"stop":1686149477343,"duration":673},"description":"","status":"passed","steps":[{"name":"$(\"open\") https://www.amazon.com","time":{"start":1686149476678,"stop":1686149477343,"duration":665},"status":"passed","steps":[{"name":"$(\"webdriver\") create()","time":{"start":1686149476678,"stop":1686149477017,"duration":339},"status":"passed","steps":[],"attachments":[],"parameters":[],"hasContent":false,"stepsCount":0,"attachmentsCount":0,"shouldDisplayMessage":false}],"attachments":[],"parameters":[],"hasContent":true,"stepsCount":1,"attachmentsCount":0,"shouldDisplayMessage":false}],"attachments":[],"parameters":[],"hasContent":true,"stepsCount":2,"attachmentsCount":0,"shouldDisplayMessage":false}],"testStage":{"description":"Verify added to cart product price","status":"failed","statusMessage":"Element not found {#twotabsearchtextbox}\nExpected: visible\nScreenshot: file:/home/runner/work/IDPProjectUI/IDPProjectUI/target/allure-results/1686149483504.49.png\nPage source: file:/home/runner/work/IDPProjectUI/IDPProjectUI/target/allure-results/1686149483504.49.html\nTimeout: 6 s.\nCaused by: NoSuchElementException: no such element: Unable to locate element: {\"method\":\"css selector\",\"selector\":\"#twotabsearchtextbox\"}","statusTrace":"Element not found {#twotabsearchtextbox}\nExpected: visible\nScreenshot: file:/home/runner/work/IDPProjectUI/IDPProjectUI/target/allure-results/1686149483504.49.png\nPage source: file:/home/runner/work/IDPProjectUI/IDPProjectUI/target/allure-results/1686149483504.49.html\nTimeout: 6 s.\nCaused by: NoSuchElementException: no such element: Unable to locate element: {\"method\":\"css selector\",\"selector\":\"#twotabsearchtextbox\"}\n\tat com.codeborne.selenide.impl.WebElementSource.createElementNotFoundError(WebElementSource.java:88)\n\tat com.codeborne.selenide.impl.ElementFinder.createElementNotFoundError(ElementFinder.java:142)\n\tat com.codeborne.selenide.impl.WebElementSource.handleError(WebElementSource.java:140)\n\tat com.codeborne.selenide.impl.WebElementSource.checkConditionAndReturnElement(WebElementSource.java:124)\n\tat com.codeborne.selenide.impl.WebElementSource.checkCondition(WebElementSource.java:101)\n\tat com.codeborne.selenide.commands.Should.execute(Should.java:30)\n\tat com.codeborne.selenide.commands.Should.execute(Should.java:14)\n\tat com.codeborne.selenide.commands.Commands.execute(Commands.java:160)\n\tat com.codeborne.selenide.impl.SelenideElementProxy.dispatchAndRetry(SelenideElementProxy.java:132)\n\tat com.codeborne.selenide.impl.SelenideElementProxy.invoke(SelenideElementProxy.java:84)\n\tat com.sun.proxy.$Proxy7.shouldBe(Unknown Source)\n\tat PageComponents.SearchBar.searchForItem(SearchBar.java:54)\n\tat tests.Ordering.Cart.VerifyAddedToCartProductPrice.verifyAddedToCartProductPrice(VerifyAddedToCartProductPrice.java:25)\n\tat java.base/jdk.internal.reflect.NativeMethodAccessorImpl.invoke0(Native Method)\n\tat java.base/jdk.internal.reflect.NativeMethodAccessorImpl.invoke(NativeMethodAccessorImpl.java:62)\n\tat java.base/jdk.internal.reflect.DelegatingMethodAccessorImpl.invoke(DelegatingMethodAccessorImpl.java:43)\n\tat java.base/java.lang.reflect.Method.invoke(Method.java:566)\n\tat org.testng.internal.invokers.MethodInvocationHelper.invokeMethod(MethodInvocationHelper.java:139)\n\tat org.testng.internal.invokers.TestInvoker.invokeMethod(TestInvoker.java:677)\n\tat org.testng.internal.invokers.TestInvoker.retryFailed(TestInvoker.java:263)\n\tat org.testng.internal.invokers.MethodRunner.runInSequence(MethodRunner.java:62)\n\tat org.testng.internal.invokers.TestInvoker$MethodInvocationAgent.invoke(TestInvoker.java:969)\n\tat org.testng.internal.invokers.TestInvoker.invokeTestMethods(TestInvoker.java:194)\n\tat org.testng.internal.invokers.TestMethodWorker.invokeTestMethods(TestMethodWorker.java:148)\n\tat org.testng.internal.invokers.TestMethodWorker.run(TestMethodWorker.java:128)\n\tat java.base/java.util.concurrent.ThreadPoolExecutor.runWorker(ThreadPoolExecutor.java:1128)\n\tat java.base/java.util.concurrent.ThreadPoolExecutor$Worker.run(ThreadPoolExecutor.java:628)\n\tat java.base/java.lang.Thread.run(Thread.java:829)\nCaused by: org.openqa.selenium.NoSuchElementException: no such element: Unable to locate element: {\"method\":\"css selector\",\"selector\":\"#twotabsearchtextbox\"}\n  (Session info: chrome=113.0.5672.126)\nFor documentation on this error, please visit: https://selenium.dev/exceptions/#no_such_element\nBuild info: version: '4.8.3', revision: 'e5e76298c3'\nSystem info: os.name: 'Linux', os.arch: 'amd64', os.version: '5.15.0-1038-azure', java.version: '11.0.19'\nDriver info: org.openqa.selenium.chrome.ChromeDriver\nCommand: [673d2c4037e1a8c0687af0f0ed314376, findElement {using=css selector, value=#twotabsearchtextbox}]\nCapabilities {acceptInsecureCerts: true, browserName: chrome, browserVersion: 113.0.5672.126, chrome: {chromedriverVersion: 113.0.5672.63 (0e1a4471d5ae..., userDataDir: /tmp/.com.google.Chrome.yUMHbH}, goog:chromeOptions: {debuggerAddress: localhost:39659}, networkConnectionEnabled: false, pageLoadStrategy: normal, platformName: LINUX, proxy: Proxy(), se:cdp: ws://localhost:39659/devtoo..., se:cdpVersion: 113.0.5672.126, setWindowRect: true, strictFileInteractability: false, timeouts: {implicit: 0, pageLoad: 300000, script: 30000}, unhandledPromptBehavior: accept, webauthn:extension:credBlob: true, webauthn:extension:largeBlob: true, webauthn:extension:minPinLength: true, webauthn:extension:prf: true, webauthn:virtualAuthenticators: true}\nSession ID: 673d2c4037e1a8c0687af0f0ed314376\n\tat jdk.internal.reflect.GeneratedConstructorAccessor14.newInstance(Unknown Source)\n\tat java.base/jdk.internal.reflect.DelegatingConstructorAccessorImpl.newInstance(DelegatingConstructorAccessorImpl.java:45)\n\tat java.base/java.lang.reflect.Constructor.newInstance(Constructor.java:490)\n\tat org.openqa.selenium.remote.codec.w3c.W3CHttpResponseCodec.createException(W3CHttpResponseCodec.java:200)\n\tat org.openqa.selenium.remote.codec.w3c.W3CHttpResponseCodec.decode(W3CHttpResponseCodec.java:133)\n\tat org.openqa.selenium.remote.codec.w3c.W3CHttpResponseCodec.decode(W3CHttpResponseCodec.java:53)\n\tat org.openqa.selenium.remote.HttpCommandExecutor.execute(HttpCommandExecutor.java:193)\n\tat org.openqa.selenium.remote.service.DriverCommandExecutor.invokeExecute(DriverCommandExecutor.java:183)\n\tat org.openqa.selenium.remote.service.DriverCommandExecutor.execute(DriverCommandExecutor.java:158)\n\tat org.openqa.selenium.remote.RemoteWebDriver.execute(RemoteWebDriver.java:543)\n\tat org.openqa.selenium.remote.ElementLocation$ElementFinder$2.findElement(ElementLocation.java:162)\n\tat org.openqa.selenium.remote.ElementLocation.findElement(ElementLocation.java:60)\n\tat org.openqa.selenium.remote.RemoteWebDriver.findElement(RemoteWebDriver.java:352)\n\tat org.openqa.selenium.remote.RemoteWebDriver.findElement(RemoteWebDriver.java:344)\n\tat com.codeborne.selenide.impl.WebElementSelector.findElement(WebElementSelector.java:70)\n\tat com.codeborne.selenide.impl.WebElementSelector.findElement(WebElementSelector.java:44)\n\tat com.codeborne.selenide.impl.WebElementSelector.findElement(WebElementSelector.java:33)\n\tat com.codeborne.selenide.impl.ElementFinder.getWebElement(ElementFinder.java:122)\n\tat com.codeborne.selenide.impl.WebElementSource.checkConditionAndReturnElement(WebElementSource.java:113)\n\t... 24 more\n","steps":[{"name":"Search for item","time":{"start":1686149477345,"stop":1686149483695,"duration":6350},"status":"failed","statusMessage":"Element not found {#twotabsearchtextbox}\nExpected: visible\nScreenshot: file:/home/runner/work/IDPProjectUI/IDPProjectUI/target/allure-results/1686149483504.49.png\nPage source: file:/home/runner/work/IDPProjectUI/IDPProjectUI/target/allure-results/1686149483504.49.html\nTimeout: 6 s.\nCaused by: NoSuchElementException: no such element: Unable to locate element: {\"method\":\"css selector\",\"selector\":\"#twotabsearchtextbox\"}","statusTrace":"Element not found {#twotabsearchtextbox}\nExpected: visible\nScreenshot: file:/home/runner/work/IDPProjectUI/IDPProjectUI/target/allure-results/1686149483504.49.png\nPage source: file:/home/runner/work/IDPProjectUI/IDPProjectUI/target/allure-results/1686149483504.49.html\nTimeout: 6 s.\nCaused by: NoSuchElementException: no such element: Unable to locate element: {\"method\":\"css selector\",\"selector\":\"#twotabsearchtextbox\"}\n\tat com.codeborne.selenide.impl.WebElementSource.createElementNotFoundError(WebElementSource.java:88)\n\tat com.codeborne.selenide.impl.ElementFinder.createElementNotFoundError(ElementFinder.java:142)\n\tat com.codeborne.selenide.impl.WebElementSource.handleError(WebElementSource.java:140)\n\tat com.codeborne.selenide.impl.WebElementSource.checkConditionAndReturnElement(WebElementSource.java:124)\n\tat com.codeborne.selenide.impl.WebElementSource.checkCondition(WebElementSource.java:101)\n\tat com.codeborne.selenide.commands.Should.execute(Should.java:30)\n\tat com.codeborne.selenide.commands.Should.execute(Should.java:14)\n\tat com.codeborne.selenide.commands.Commands.execute(Commands.java:160)\n\tat com.codeborne.selenide.impl.SelenideElementProxy.dispatchAndRetry(SelenideElementProxy.java:132)\n\tat com.codeborne.selenide.impl.SelenideElementProxy.invoke(SelenideElementProxy.java:84)\n\tat com.sun.proxy.$Proxy7.shouldBe(Unknown Source)\n\tat PageComponents.SearchBar.searchForItem(SearchBar.java:54)\n\tat tests.Ordering.Cart.VerifyAddedToCartProductPrice.verifyAddedToCartProductPrice(VerifyAddedToCartProductPrice.java:25)\n\tat java.base/jdk.internal.reflect.NativeMethodAccessorImpl.invoke0(Native Method)\n\tat java.base/jdk.internal.reflect.NativeMethodAccessorImpl.invoke(NativeMethodAccessorImpl.java:62)\n\tat java.base/jdk.internal.reflect.DelegatingMethodAccessorImpl.invoke(DelegatingMethodAccessorImpl.java:43)\n\tat java.base/java.lang.reflect.Method.invoke(Method.java:566)\n\tat org.testng.internal.invokers.MethodInvocationHelper.invokeMethod(MethodInvocationHelper.java:139)\n\tat org.testng.internal.invokers.TestInvoker.invokeMethod(TestInvoker.java:677)\n\tat org.testng.internal.invokers.TestInvoker.retryFailed(TestInvoker.java:263)\n\tat org.testng.internal.invokers.MethodRunner.runInSequence(MethodRunner.java:62)\n\tat org.testng.internal.invokers.TestInvoker$MethodInvocationAgent.invoke(TestInvoker.java:969)\n\tat org.testng.internal.invokers.TestInvoker.invokeTestMethods(TestInvoker.java:194)\n\tat org.testng.internal.invokers.TestMethodWorker.invokeTestMethods(TestMethodWorker.java:148)\n\tat org.testng.internal.invokers.TestMethodWorker.run(TestMethodWorker.java:128)\n\tat java.base/java.util.concurrent.ThreadPoolExecutor.runWorker(ThreadPoolExecutor.java:1128)\n\tat java.base/java.util.concurrent.ThreadPoolExecutor$Worker.run(ThreadPoolExecutor.java:628)\n\tat java.base/java.lang.Thread.run(Thread.java:829)\nCaused by: org.openqa.selenium.NoSuchElementException: no such element: Unable to locate element: {\"method\":\"css selector\",\"selector\":\"#twotabsearchtextbox\"}\n  (Session info: chrome=113.0.5672.126)\nFor documentation on this error, please visit: https://selenium.dev/exceptions/#no_such_element\nBuild info: version: '4.8.3', revision: 'e5e76298c3'\nSystem info: os.name: 'Linux', os.arch: 'amd64', os.version: '5.15.0-1038-azure', java.version: '11.0.19'\nDriver info: org.openqa.selenium.chrome.ChromeDriver\nCommand: [673d2c4037e1a8c0687af0f0ed314376, findElement {using=css selector, value=#twotabsearchtextbox}]\nCapabilities {acceptInsecureCerts: true, browserName: chrome, browserVersion: 113.0.5672.126, chrome: {chromedriverVersion: 113.0.5672.63 (0e1a4471d5ae..., userDataDir: /tmp/.com.google.Chrome.yUMHbH}, goog:chromeOptions: {debuggerAddress: localhost:39659}, networkConnectionEnabled: false, pageLoadStrategy: normal, platformName: LINUX, proxy: Proxy(), se:cdp: ws://localhost:39659/devtoo..., se:cdpVersion: 113.0.5672.126, setWindowRect: true, strictFileInteractability: false, timeouts: {implicit: 0, pageLoad: 300000, script: 30000}, unhandledPromptBehavior: accept, webauthn:extension:credBlob: true, webauthn:extension:largeBlob: true, webauthn:extension:minPinLength: true, webauthn:extension:prf: true, webauthn:virtualAuthenticators: true}\nSession ID: 673d2c4037e1a8c0687af0f0ed314376\n\tat jdk.internal.reflect.GeneratedConstructorAccessor14.newInstance(Unknown Source)\n\tat java.base/jdk.internal.reflect.DelegatingConstructorAccessorImpl.newInstance(DelegatingConstructorAccessorImpl.java:45)\n\tat java.base/java.lang.reflect.Constructor.newInstance(Constructor.java:490)\n\tat org.openqa.selenium.remote.codec.w3c.W3CHttpResponseCodec.createException(W3CHttpResponseCodec.java:200)\n\tat org.openqa.selenium.remote.codec.w3c.W3CHttpResponseCodec.decode(W3CHttpResponseCodec.java:133)\n\tat org.openqa.selenium.remote.codec.w3c.W3CHttpResponseCodec.decode(W3CHttpResponseCodec.java:53)\n\tat org.openqa.selenium.remote.HttpCommandExecutor.execute(HttpCommandExecutor.java:193)\n\tat org.openqa.selenium.remote.service.DriverCommandExecutor.invokeExecute(DriverCommandExecutor.java:183)\n\tat org.openqa.selenium.remote.service.DriverCommandExecutor.execute(DriverCommandExecutor.java:158)\n\tat org.openqa.selenium.remote.RemoteWebDriver.execute(RemoteWebDriver.java:543)\n\tat org.openqa.selenium.remote.ElementLocation$ElementFinder$2.findElement(ElementLocation.java:162)\n\tat org.openqa.selenium.remote.ElementLocation.findElement(ElementLocation.java:60)\n\tat org.openqa.selenium.remote.RemoteWebDriver.findElement(RemoteWebDriver.java:352)\n\tat org.openqa.selenium.remote.RemoteWebDriver.findElement(RemoteWebDriver.java:344)\n\tat com.codeborne.selenide.impl.WebElementSelector.findElement(WebElementSelector.java:70)\n\tat com.codeborne.selenide.impl.WebElementSelector.findElement(WebElementSelector.java:44)\n\tat com.codeborne.selenide.impl.WebElementSelector.findElement(WebElementSelector.java:33)\n\tat com.codeborne.selenide.impl.ElementFinder.getWebElement(ElementFinder.java:122)\n\tat com.codeborne.selenide.impl.WebElementSource.checkConditionAndReturnElement(WebElementSource.java:113)\n\t... 24 more\n","steps":[{"name":"$(\"#twotabsearchtextbox\") should be(visible)","time":{"start":1686149477345,"stop":1686149483694,"duration":6349},"status":"failed","statusMessage":"Element not found {#twotabsearchtextbox}\nExpected: visible\nScreenshot: file:/home/runner/work/IDPProjectUI/IDPProjectUI/target/allure-results/1686149483504.49.png\nPage source: file:/home/runner/work/IDPProjectUI/IDPProjectUI/target/allure-results/1686149483504.49.html\nTimeout: 6 s.\nCaused by: NoSuchElementException: no such element: Unable to locate element: {\"method\":\"css selector\",\"selector\":\"#twotabsearchtextbox\"}","statusTrace":"Element not found {#twotabsearchtextbox}\nExpected: visible\nScreenshot: file:/home/runner/work/IDPProjectUI/IDPProjectUI/target/allure-results/1686149483504.49.png\nPage source: file:/home/runner/work/IDPProjectUI/IDPProjectUI/target/allure-results/1686149483504.49.html\nTimeout: 6 s.\nCaused by: NoSuchElementException: no such element: Unable to locate element: {\"method\":\"css selector\",\"selector\":\"#twotabsearchtextbox\"}\n\tat com.codeborne.selenide.impl.WebElementSource.createElementNotFoundError(WebElementSource.java:88)\n\tat com.codeborne.selenide.impl.ElementFinder.createElementNotFoundError(ElementFinder.java:142)\n\tat com.codeborne.selenide.impl.WebElementSource.handleError(WebElementSource.java:140)\n\tat com.codeborne.selenide.impl.WebElementSource.checkConditionAndReturnElement(WebElementSource.java:124)\n\tat com.codeborne.selenide.impl.WebElementSource.checkCondition(WebElementSource.java:101)\n\tat com.codeborne.selenide.commands.Should.execute(Should.java:30)\n\tat com.codeborne.selenide.commands.Should.execute(Should.java:14)\n\tat com.codeborne.selenide.commands.Commands.execute(Commands.java:160)\n\tat com.codeborne.selenide.impl.SelenideElementProxy.dispatchAndRetry(SelenideElementProxy.java:132)\n\tat com.codeborne.selenide.impl.SelenideElementProxy.invoke(SelenideElementProxy.java:84)\n\tat com.sun.proxy.$Proxy7.shouldBe(Unknown Source)\n\tat PageComponents.SearchBar.searchForItem(SearchBar.java:54)\n\tat tests.Ordering.Cart.VerifyAddedToCartProductPrice.verifyAddedToCartProductPrice(VerifyAddedToCartProductPrice.java:25)\n\tat java.base/jdk.internal.reflect.NativeMethodAccessorImpl.invoke0(Native Method)\n\tat java.base/jdk.internal.reflect.NativeMethodAccessorImpl.invoke(NativeMethodAccessorImpl.java:62)\n\tat java.base/jdk.internal.reflect.DelegatingMethodAccessorImpl.invoke(DelegatingMethodAccessorImpl.java:43)\n\tat java.base/java.lang.reflect.Method.invoke(Method.java:566)\n\tat org.testng.internal.invokers.MethodInvocationHelper.invokeMethod(MethodInvocationHelper.java:139)\n\tat org.testng.internal.invokers.TestInvoker.invokeMethod(TestInvoker.java:677)\n\tat org.testng.internal.invokers.TestInvoker.retryFailed(TestInvoker.java:263)\n\tat org.testng.internal.invokers.MethodRunner.runInSequence(MethodRunner.java:62)\n\tat org.testng.internal.invokers.TestInvoker$MethodInvocationAgent.invoke(TestInvoker.java:969)\n\tat org.testng.internal.invokers.TestInvoker.invokeTestMethods(TestInvoker.java:194)\n\tat org.testng.internal.invokers.TestMethodWorker.invokeTestMethods(TestMethodWorker.java:148)\n\tat org.testng.internal.invokers.TestMethodWorker.run(TestMethodWorker.java:128)\n\tat java.base/java.util.concurrent.ThreadPoolExecutor.runWorker(ThreadPoolExecutor.java:1128)\n\tat java.base/java.util.concurrent.ThreadPoolExecutor$Worker.run(ThreadPoolExecutor.java:628)\n\tat java.base/java.lang.Thread.run(Thread.java:829)\nCaused by: org.openqa.selenium.NoSuchElementException: no such element: Unable to locate element: {\"method\":\"css selector\",\"selector\":\"#twotabsearchtextbox\"}\n  (Session info: chrome=113.0.5672.126)\nFor documentation on this error, please visit: https://selenium.dev/exceptions/#no_such_element\nBuild info: version: '4.8.3', revision: 'e5e76298c3'\nSystem info: os.name: 'Linux', os.arch: 'amd64', os.version: '5.15.0-1038-azure', java.version: '11.0.19'\nDriver info: org.openqa.selenium.chrome.ChromeDriver\nCommand: [673d2c4037e1a8c0687af0f0ed314376, findElement {using=css selector, value=#twotabsearchtextbox}]\nCapabilities {acceptInsecureCerts: true, browserName: chrome, browserVersion: 113.0.5672.126, chrome: {chromedriverVersion: 113.0.5672.63 (0e1a4471d5ae..., userDataDir: /tmp/.com.google.Chrome.yUMHbH}, goog:chromeOptions: {debuggerAddress: localhost:39659}, networkConnectionEnabled: false, pageLoadStrategy: normal, platformName: LINUX, proxy: Proxy(), se:cdp: ws://localhost:39659/devtoo..., se:cdpVersion: 113.0.5672.126, setWindowRect: true, strictFileInteractability: false, timeouts: {implicit: 0, pageLoad: 300000, script: 30000}, unhandledPromptBehavior: accept, webauthn:extension:credBlob: true, webauthn:extension:largeBlob: true, webauthn:extension:minPinLength: true, webauthn:extension:prf: true, webauthn:virtualAuthenticators: true}\nSession ID: 673d2c4037e1a8c0687af0f0ed314376\n\tat jdk.internal.reflect.GeneratedConstructorAccessor14.newInstance(Unknown Source)\n\tat java.base/jdk.internal.reflect.DelegatingConstructorAccessorImpl.newInstance(DelegatingConstructorAccessorImpl.java:45)\n\tat java.base/java.lang.reflect.Constructor.newInstance(Constructor.java:490)\n\tat org.openqa.selenium.remote.codec.w3c.W3CHttpResponseCodec.createException(W3CHttpResponseCodec.java:200)\n\tat org.openqa.selenium.remote.codec.w3c.W3CHttpResponseCodec.decode(W3CHttpResponseCodec.java:133)\n\tat org.openqa.selenium.remote.codec.w3c.W3CHttpResponseCodec.decode(W3CHttpResponseCodec.java:53)\n\tat org.openqa.selenium.remote.HttpCommandExecutor.execute(HttpCommandExecutor.java:193)\n\tat org.openqa.selenium.remote.service.DriverCommandExecutor.invokeExecute(DriverCommandExecutor.java:183)\n\tat org.openqa.selenium.remote.service.DriverCommandExecutor.execute(DriverCommandExecutor.java:158)\n\tat org.openqa.selenium.remote.RemoteWebDriver.execute(RemoteWebDriver.java:543)\n\tat org.openqa.selenium.remote.ElementLocation$ElementFinder$2.findElement(ElementLocation.java:162)\n\tat org.openqa.selenium.remote.ElementLocation.findElement(ElementLocation.java:60)\n\tat org.openqa.selenium.remote.RemoteWebDriver.findElement(RemoteWebDriver.java:352)\n\tat org.openqa.selenium.remote.RemoteWebDriver.findElement(RemoteWebDriver.java:344)\n\tat com.codeborne.selenide.impl.WebElementSelector.findElement(WebElementSelector.java:70)\n\tat com.codeborne.selenide.impl.WebElementSelector.findElement(WebElementSelector.java:44)\n\tat com.codeborne.selenide.impl.WebElementSelector.findElement(WebElementSelector.java:33)\n\tat com.codeborne.selenide.impl.ElementFinder.getWebElement(ElementFinder.java:122)\n\tat com.codeborne.selenide.impl.WebElementSource.checkConditionAndReturnElement(WebElementSource.java:113)\n\t... 24 more\n","steps":[],"attachments":[{"uid":"b373f76a82e2d918","name":"Screenshot","source":"b373f76a82e2d918.png","type":"image/png","size":55250},{"uid":"7f6c7e52efc54618","name":"Page source","source":"7f6c7e52efc54618.html","type":"text/html","size":7026}],"parameters":[],"hasContent":true,"stepsCount":0,"attachmentsCount":2,"shouldDisplayMessage":true}],"attachments":[],"parameters":[{"name":"searchItem","value":"GTUOXIES TV"}],"hasContent":true,"stepsCount":1,"attachmentsCount":2,"shouldDisplayMessage":false}],"attachments":[],"parameters":[],"hasContent":true,"stepsCount":2,"attachmentsCount":2,"shouldDisplayMessage":false},"afterStages":[{"name":"tearDown","time":{"start":1686149483697,"stop":1686149483799,"duration":102},"description":"","status":"passed","steps":[{"name":"$(\"webdriver\") close()","time":{"start":1686149483697,"stop":1686149483799,"duration":102},"status":"passed","steps":[],"attachments":[],"parameters":[],"hasContent":false,"stepsCount":0,"attachmentsCount":0,"shouldDisplayMessage":false}],"attachments":[],"parameters":[],"hasContent":true,"stepsCount":1,"attachmentsCount":0,"shouldDisplayMessage":false}],"labels":[{"name":"package","value":"tests.Ordering.Cart.VerifyAddedToCartProductPrice"},{"name":"testClass","value":"tests.Ordering.Cart.VerifyAddedToCartProductPrice"},{"name":"testMethod","value":"verifyAddedToCartProductPrice"},{"name":"parentSuite","value":"IDP Project Tests"},{"name":"suite","value":"Smoke Tests"},{"name":"subSuite","value":"tests.Ordering.Cart.VerifyAddedToCartProductPrice"},{"name":"host","value":"fv-az268-245"},{"name":"thread","value":"2309@fv-az268-245.TestNG-test=Smoke Tests-1(15)"},{"name":"framework","value":"testng"},{"name":"language","value":"java"},{"name":"resultFormat","value":"allure2"}],"parameters":[],"links":[],"hidden":false,"retry":false,"extra":{"severity":"normal","retries":[{"uid":"bc4e8df1a42e4bef","status":"skipped","statusDetails":"Element not found {#twotabsearchtextbox}\nExpected: visible\nScreenshot: file:/home/runner/work/IDPProjectUI/IDPProjectUI/target/allure-results/1686149476368.48.png\nPage source: file:/home/runner/work/IDPProjectUI/IDPProjectUI/target/allure-results/1686149476368.48.html\nTimeout: 6 s.\nCaused by: NoSuchElementException: no such element: Unable to locate element: {\"method\":\"css selector\",\"selector\":\"#twotabsearchtextbox\"}","time":{"start":1686149470204,"stop":1686149476566,"duration":6362}},{"uid":"70fa672c799ab06a","status":"skipped","statusDetails":"Element not found {#twotabsearchtextbox}\nExpected: visible\nScreenshot: file:/home/runner/work/IDPProjectUI/IDPProjectUI/target/allure-results/1686149469185.47.png\nPage source: file:/home/runner/work/IDPProjectUI/IDPProjectUI/target/allure-results/1686149469185.47.html\nTimeout: 6 s.\nCaused by: NoSuchElementException: no such element: Unable to locate element: {\"method\":\"css selector\",\"selector\":\"#twotabsearchtextbox\"}","time":{"start":1686149463020,"stop":1686149469405,"duration":6385}}],"categories":[{"name":"Product defects","matchedStatuses":[],"flaky":false}],"history":{"statistic":{"failed":3,"broken":0,"skipped":0,"passed":4,"unknown":0,"total":7},"items":[{"uid":"7d4c0d7efc7e75f","reportUrl":"https://AndriiTeterka.github.io/IDPProjectUI/39//#testresult/7d4c0d7efc7e75f","status":"failed","statusDetails":"Element not found {#twotabsearchtextbox}\nExpected: visible\nScreenshot: file:/home/runner/work/IDPProjectUI/IDPProjectUI/target/allure-results/1686146269100.56.png\nPage source: file:/home/runner/work/IDPProjectUI/IDPProjectUI/target/allure-results/1686146269100.56.html\nTimeout: 6 s.\nCaused by: NoSuchElementException: no such element: Unable to locate element: {\"method\":\"css selector\",\"selector\":\"#twotabsearchtextbox\"}","time":{"start":1686146262922,"stop":1686146269319,"duration":6397}},{"uid":"11ef86670bf0d4f3","reportUrl":"https://AndriiTeterka.github.io/IDPProjectUI/38//#testresult/11ef86670bf0d4f3","status":"passed","time":{"start":1686144365993,"stop":1686144383218,"duration":17225}},{"uid":"b20f444b9d2d5329","reportUrl":"https://AndriiTeterka.github.io/IDPProjectUI/37//#testresult/b20f444b9d2d5329","status":"failed","statusDetails":"Element not found {#twotabsearchtextbox}\nExpected: visible\nScreenshot: file:/home/runner/work/IDPProjectUI/IDPProjectUI/target/allure-results/1686141683003.53.png\nPage source: file:/home/runner/work/IDPProjectUI/IDPProjectUI/target/allure-results/1686141683003.53.html\nTimeout: 6 s.\nCaused by: NoSuchElementException: no such element: Unable to locate element: {\"method\":\"css selector\",\"selector\":\"#twotabsearchtextbox\"}","time":{"start":1686141676924,"stop":1686141683192,"duration":6268}},{"uid":"ed84dc178ddac035","reportUrl":"https://AndriiTeterka.github.io/IDPProjectUI/36//#testresult/ed84dc178ddac035","status":"passed","time":{"start":1685906200463,"stop":1685906214626,"duration":14163}},{"uid":"b46e2df6d624bfdd","reportUrl":"https://AndriiTeterka.github.io/IDPProjectUI/34//#testresult/b46e2df6d624bfdd","status":"passed","time":{"start":1685904250480,"stop":1685904262815,"duration":12335}},{"uid":"3299fee4e120333b","reportUrl":"https://AndriiTeterka.github.io/IDPProjectUI/33//#testresult/3299fee4e120333b","status":"passed","time":{"start":1685813087239,"stop":1685813102116,"duration":14877}}]},"tags":[]},"source":"116141b0a5398554.json","parameterValues":[]}